c:\users\user\desktop\mysql-with-cpp-master\mysql-with-cpp-master\x64\debug\vc142.pdb
c:\users\user\desktop\mysql-with-cpp-master\mysql-with-cpp-master\x64\debug\vc142.idb
c:\users\user\desktop\mysql-with-cpp-master\mysql-with-cpp-master\x64\debug\database.obj
c:\users\user\desktop\mysql-with-cpp-master\mysql-with-cpp-master\x64\debug\database-main.obj
c:\users\user\desktop\mysql-with-cpp-master\mysql-with-cpp-master\x64\debug\bookstore.exe
c:\users\user\desktop\mysql-with-cpp-master\mysql-with-cpp-master\x64\debug\bookstore.ilk
c:\users\user\desktop\mysql-with-cpp-master\mysql-with-cpp-master\x64\debug\bookstore.pdb
c:\users\user\desktop\shenkar\shana b\semester-b\מסדי נתונים - עבודה\c++ console program\x64\debug\database-main.obj
c:\users\user\desktop\shenkar\shana b\semester-b\מסדי נתונים - עבודה\c++ console program\x64\debug\database.obj
c:\users\user\desktop\shenkar\shana b\semester-b\מסדי נתונים - עבודה\c++ console program\x64\debug\database.obj.enc
c:\users\user\desktop\shenkar\shana b\semester-b\מסדי נתונים - עבודה\c++ console program\x64\debug\bookstore.ilk
c:\users\user\desktop\shenkar\shana b\semester-b\מסדי נתונים - עבודה\c++ console program\x64\debug\vc142.idb
c:\users\user\desktop\shenkar\shana b\semester-b\מסדי נתונים - עבודה\c++ console program\x64\debug\bookstore.pdb
c:\users\user\desktop\shenkar\shana b\semester-b\מסדי נתונים - עבודה\c++ console program\x64\debug\vc142.pdb
c:\users\user\desktop\shenkar\shana b\semester-b\מסדי נתונים - עבודה\c++ console program\x64\debug\bookstore.exe
c:\users\user\desktop\shenkar\shana b\semester-b\מסדי נתונים - עבודה\c++ console program\x64\debug\bookstore.tlog\cl.command.1.tlog
c:\users\user\desktop\shenkar\shana b\semester-b\מסדי נתונים - עבודה\c++ console program\x64\debug\bookstore.tlog\cl.read.1.tlog
c:\users\user\desktop\shenkar\shana b\semester-b\מסדי נתונים - עבודה\c++ console program\x64\debug\bookstore.tlog\cl.write.1.tlog
c:\users\user\desktop\shenkar\shana b\semester-b\מסדי נתונים - עבודה\c++ console program\x64\debug\bookstore.tlog\link.command.1.tlog
c:\users\user\desktop\shenkar\shana b\semester-b\מסדי נתונים - עבודה\c++ console program\x64\debug\bookstore.tlog\link.read.1.tlog
c:\users\user\desktop\shenkar\shana b\semester-b\מסדי נתונים - עבודה\c++ console program\x64\debug\bookstore.tlog\link.write.1.tlog
